生成启动时间为 2016/7/1 18:26:46。
     1>项目“E:\第一篇论文\快速高斯的实现123\递归高斯模糊\GaussianBlur\unfinished\unfinished.vcxproj”在节点 2 上(build 个目标)。
     1>InitializeBuildStatus:
         正在对“x64\Debug\unfinished.unsuccessfulbuild”执行 Touch 任务。
       ClCompile:
         所有输出均为最新。
         D:\Program files\VS2010\VC\bin\x86_amd64\CL.exe /c /Zi /nologo /W3 /WX- /Od /D WIN32 /D _DEBUG /D _CONSOLE /D _UNICODE /D UNICODE /Gm /EHsc /RTC1 /MDd /GS /fp:precise /Zc:wchar_t /Zc:forScope /Yu"StdAfx.h" /Fp"x64\Debug\unfinished.pch" /Fo"x64\Debug\\" /Fd"x64\Debug\vc100.pdb" /Gd /TP /errorReport:prompt unfinished.cpp
         unfinished.cpp
     1>unfinished.cpp(60): warning C4244: “=”: 从“double”转换到“float”，可能丢失数据
     1>unfinished.cpp(64): warning C4244: “=”: 从“double”转换到“float”，可能丢失数据
     1>unfinished.cpp(221): warning C4244: “=”: 从“float”转换到“unsigned char”，可能丢失数据
       ManifestResourceCompile:
         C:\Program Files\Microsoft SDKs\Windows\v7.0A\bin\rc.exe /nologo /fo"x64\Debug\unfinished.exe.embed.manifest.res" x64\Debug\unfinished_manifest.rc 
       Link:
         D:\Program files\VS2010\VC\bin\x86_amd64\link.exe /ERRORREPORT:PROMPT /OUT:"E:\第一篇论文\快速高斯的实现123\递归高斯模糊\GaussianBlur\x64\Debug\unfinished.exe" /INCREMENTAL /NOLOGO opencv_calib3d247.lib opencv_contrib247.lib opencv_core247.lib opencv_features2d247.lib opencv_flann247.lib opencv_gpu247.lib opencv_highgui247.lib opencv_imgproc247.lib opencv_legacy247.lib opencv_ml247.lib opencv_nonfree247.lib opencv_objdetect247.lib opencv_ocl247.lib opencv_photo247.lib opencv_stitching247.lib opencv_superres247.lib opencv_ts247.lib opencv_video247.lib opencv_videostab247.lib kernel32.lib user32.lib gdi32.lib winspool.lib comdlg32.lib advapi32.lib shell32.lib ole32.lib oleaut32.lib uuid.lib odbc32.lib odbccp32.lib /MANIFEST /ManifestFile:"x64\Debug\unfinished.exe.intermediate.manifest" /MANIFESTUAC:"level='asInvoker' uiAccess='false'" /DEBUG /PDB:"E:\第一篇论文\快速高斯的实现123\递归高斯模糊\GaussianBlur\x64\Debug\unfinished.pdb" /SUBSYSTEM:CONSOLE /TLBID:1 /DYNAMICBASE /NXCOMPAT /IMPLIB:"E:\第一篇论文\快速高斯的实现123\递归高斯模糊\GaussianBlur\x64\Debug\unfinished.lib" /MACHINE:X64 x64\Debug\unfinished.exe.embed.manifest.res
         x64\Debug\stdafx.obj
         x64\Debug\unfinished.obj
     1>opencv_highgui247.lib(opencv_highgui247.dll) : fatal error LNK1112: 模块计算机类型“X86”与目标计算机类型“x64”冲突
     1>已完成生成项目“E:\第一篇论文\快速高斯的实现123\递归高斯模糊\GaussianBlur\unfinished\unfinished.vcxproj”(build 个目标)的操作 - 失败。

生成失败。

已用时间 00:00:04.36
